[0.084s] DEBUG:colcon:Command line arguments: ['/usr/bin/colcon', 'build', '--symlink-install', '--cmake-args=-DCMAKE_BUILD_TYPE=Release']
[0.084s] DEBUG:colcon:Parsed command line arguments: Namespace(log_base=None, log_level=None, verb_name='build', build_base='build', install_base='install', merge_install=False, symlink_install=True, test_result_base=None, continue_on_error=False, executor='parallel', parallel_workers=16, event_handlers=None, ignore_user_meta=False, metas=['./colcon.meta'], base_paths=['.'], packages_ignore=None, packages_ignore_regex=None, paths=None, packages_up_to=None, packages_up_to_regex=None, packages_above=None, packages_above_and_dependencies=None, packages_above_depth=None, packages_select_by_dep=None, packages_skip_by_dep=None, packages_skip_up_to=None, packages_select_build_failed=False, packages_skip_build_finished=False, packages_select_test_failures=False, packages_skip_test_passed=False, packages_select=None, packages_skip=None, packages_select_regex=None, packages_skip_regex=None, packages_start=None, packages_end=None, allow_overriding=[], cmake_args=['-DCMAKE_BUILD_TYPE=Release'], cmake_target=None, cmake_target_skip_unavailable=False, cmake_clean_cache=False, cmake_clean_first=False, cmake_force_configure=False, ament_cmake_args=None, catkin_cmake_args=None, catkin_skip_building_tests=False, mixin_files=None, mixin=None, verb_parser=<colcon_mixin.mixin.mixin_argument.MixinArgumentDecorator object at 0x7e544a35ec80>, verb_extension=<colcon_core.verb.build.BuildVerb object at 0x7e544a318ac0>, main=<bound method BuildVerb.main of <colcon_core.verb.build.BuildVerb object at 0x7e544a318ac0>>, mixin_verb=('build',))
[0.242s] Level 1:colcon.colcon_core.package_discovery:discover_packages(colcon_meta) check parameters
[0.242s] Level 1:colcon.colcon_core.package_discovery:discover_packages(recursive) check parameters
[0.242s] Level 1:colcon.colcon_core.package_discovery:discover_packages(ignore) check parameters
[0.242s] Level 1:colcon.colcon_core.package_discovery:discover_packages(path) check parameters
[0.242s] Level 1:colcon.colcon_core.package_discovery:discover_packages(colcon_meta) discover
[0.242s] Level 1:colcon.colcon_core.package_discovery:discover_packages(recursive) discover
[0.242s] INFO:colcon.colcon_core.package_discovery:Crawling recursively for packages in '/home/alper/Documents/ros2-projects/sim_ws/src/cengaver_rover_description'
[0.243s] Level 1:colcon.colcon_core.package_identification:_identify(.) by extensions ['ignore', 'ignore_ament_install']
[0.243s] Level 1:colcon.colcon_core.package_identification:_identify(.) by extension 'ignore'
[0.243s] Level 1:colcon.colcon_core.package_identification:_identify(.) by extension 'ignore_ament_install'
[0.243s] Level 1:colcon.colcon_core.package_identification:_identify(.) by extensions ['colcon_pkg']
[0.243s] Level 1:colcon.colcon_core.package_identification:_identify(.) by extension 'colcon_pkg'
[0.243s] Level 1:colcon.colcon_core.package_identification:_identify(.) by extensions ['colcon_meta']
[0.243s] Level 1:colcon.colcon_core.package_identification:_identify(.) by extension 'colcon_meta'
[0.243s] Level 1:colcon.colcon_core.package_identification:_identify(.) by extensions ['ros']
[0.243s] Level 1:colcon.colcon_core.package_identification:_identify(.) by extension 'ros'
[0.255s] DEBUG:colcon.colcon_core.package_identification:Package '.' with type 'ros.ament_cmake' and name 'cengaver_rover_description'
[0.255s] Level 1:colcon.colcon_core.package_discovery:discover_packages(recursive) using defaults
[0.255s] Level 1:colcon.colcon_core.package_discovery:discover_packages(ignore) discover
[0.255s] Level 1:colcon.colcon_core.package_discovery:discover_packages(ignore) using defaults
[0.255s] Level 1:colcon.colcon_core.package_discovery:discover_packages(path) discover
[0.255s] Level 1:colcon.colcon_core.package_discovery:discover_packages(path) using defaults
[0.288s] Level 1:colcon.colcon_core.package_discovery:discover_packages(prefix_path) check parameters
[0.288s] Level 1:colcon.colcon_core.package_discovery:discover_packages(prefix_path) discover
[0.291s] DEBUG:colcon.colcon_installed_package_information.package_discovery:Found 415 installed packages in /opt/ros/humble
[0.292s] Level 1:colcon.colcon_core.package_discovery:discover_packages(prefix_path) using defaults
[0.337s] Level 5:colcon.colcon_core.verb:set package 'cengaver_rover_description' build argument 'cmake_args' from command line to '['-DCMAKE_BUILD_TYPE=Release']'
[0.337s] Level 5:colcon.colcon_core.verb:set package 'cengaver_rover_description' build argument 'cmake_target' from command line to 'None'
[0.337s] Level 5:colcon.colcon_core.verb:set package 'cengaver_rover_description' build argument 'cmake_target_skip_unavailable' from command line to 'False'
[0.337s] Level 5:colcon.colcon_core.verb:set package 'cengaver_rover_description' build argument 'cmake_clean_cache' from command line to 'False'
[0.337s] Level 5:colcon.colcon_core.verb:set package 'cengaver_rover_description' build argument 'cmake_clean_first' from command line to 'False'
[0.337s] Level 5:colcon.colcon_core.verb:set package 'cengaver_rover_description' build argument 'cmake_force_configure' from command line to 'False'
[0.337s] Level 5:colcon.colcon_core.verb:set package 'cengaver_rover_description' build argument 'ament_cmake_args' from command line to 'None'
[0.337s] Level 5:colcon.colcon_core.verb:set package 'cengaver_rover_description' build argument 'catkin_cmake_args' from command line to 'None'
[0.337s] Level 5:colcon.colcon_core.verb:set package 'cengaver_rover_description' build argument 'catkin_skip_building_tests' from command line to 'False'
[0.338s] DEBUG:colcon.colcon_core.verb:Building package 'cengaver_rover_description' with the following arguments: {'ament_cmake_args': None, 'build_base': '/home/alper/Documents/ros2-projects/sim_ws/src/cengaver_rover_description/build/cengaver_rover_description', 'catkin_cmake_args': None, 'catkin_skip_building_tests': False, 'cmake_args': ['-DCMAKE_BUILD_TYPE=Release'], 'cmake_clean_cache': False, 'cmake_clean_first': False, 'cmake_force_configure': False, 'cmake_target': None, 'cmake_target_skip_unavailable': False, 'install_base': '/home/alper/Documents/ros2-projects/sim_ws/src/cengaver_rover_description/install/cengaver_rover_description', 'merge_install': False, 'path': '/home/alper/Documents/ros2-projects/sim_ws/src/cengaver_rover_description', 'symlink_install': True, 'test_result_base': None}
[0.338s] INFO:colcon.colcon_core.executor:Executing jobs using 'parallel' executor
[0.339s] DEBUG:colcon.colcon_parallel_executor.executor.parallel:run_until_complete
[0.339s] INFO:colcon.colcon_ros.task.ament_cmake.build:Building ROS package in '/home/alper/Documents/ros2-projects/sim_ws/src/cengaver_rover_description' with build type 'ament_cmake'
[0.340s] INFO:colcon.colcon_cmake.task.cmake.build:Building CMake package in '/home/alper/Documents/ros2-projects/sim_ws/src/cengaver_rover_description'
[0.341s] INFO:colcon.colcon_core.plugin_system:Skipping extension 'colcon_core.shell.bat': Not used on non-Windows systems
[0.342s] INFO:colcon.colcon_core.shell:Skip shell extension 'powershell' for command environment: Not usable outside of PowerShell
[0.342s] DEBUG:colcon.colcon_core.shell:Skip shell extension 'dsv' for command environment
[0.356s] DEBUG:colcon.colcon_core.event_handler.log_command:Invoking command in '/home/alper/Documents/ros2-projects/sim_ws/src/cengaver_rover_description/build/cengaver_rover_description': CMAKE_PREFIX_PATH=/opt/ros/humble /usr/bin/cmake --build /home/alper/Documents/ros2-projects/sim_ws/src/cengaver_rover_description/build/cengaver_rover_description -- -j16 -l16
[2.266s] DEBUG:colcon.colcon_parallel_executor.executor.parallel:run_until_complete was interrupted
[2.266s] DEBUG:colcon.colcon_parallel_executor.executor.parallel:run_until_complete again
[2.270s] DEBUG:colcon.colcon_core.event_handler.log_command:Invoked command in '/home/alper/Documents/ros2-projects/sim_ws/src/cengaver_rover_description/build/cengaver_rover_description' returned '-2': CMAKE_PREFIX_PATH=/opt/ros/humble /usr/bin/cmake --build /home/alper/Documents/ros2-projects/sim_ws/src/cengaver_rover_description/build/cengaver_rover_description -- -j16 -l16
[2.279s] Level 1:colcon.colcon_core.environment:create_environment_scripts_only(cengaver_rover_description)
[2.282s] Level 1:colcon.colcon_core.environment:checking '/home/alper/Documents/ros2-projects/sim_ws/src/cengaver_rover_description/install/cengaver_rover_description' for CMake module files
[2.284s] Level 1:colcon.colcon_core.environment:checking '/home/alper/Documents/ros2-projects/sim_ws/src/cengaver_rover_description/install/cengaver_rover_description' for CMake config files
[2.284s] Level 1:colcon.colcon_core.environment:checking '/home/alper/Documents/ros2-projects/sim_ws/src/cengaver_rover_description/install/cengaver_rover_description/bin'
[2.284s] Level 1:colcon.colcon_core.environment:checking '/home/alper/Documents/ros2-projects/sim_ws/src/cengaver_rover_description/install/cengaver_rover_description/lib/pkgconfig/cengaver_rover_description.pc'
[2.285s] Level 1:colcon.colcon_core.environment:checking '/home/alper/Documents/ros2-projects/sim_ws/src/cengaver_rover_description/install/cengaver_rover_description/lib/python3.10/site-packages'
[2.285s] Level 1:colcon.colcon_core.environment:checking '/home/alper/Documents/ros2-projects/sim_ws/src/cengaver_rover_description/install/cengaver_rover_description/bin'
[2.286s] INFO:colcon.colcon_core.shell:Creating package script '/home/alper/Documents/ros2-projects/sim_ws/src/cengaver_rover_description/install/cengaver_rover_description/share/cengaver_rover_description/package.ps1'
[2.287s] INFO:colcon.colcon_core.shell:Creating package descriptor '/home/alper/Documents/ros2-projects/sim_ws/src/cengaver_rover_description/install/cengaver_rover_description/share/cengaver_rover_description/package.dsv'
[2.288s] INFO:colcon.colcon_core.shell:Creating package script '/home/alper/Documents/ros2-projects/sim_ws/src/cengaver_rover_description/install/cengaver_rover_description/share/cengaver_rover_description/package.sh'
[2.289s] INFO:colcon.colcon_core.shell:Creating package script '/home/alper/Documents/ros2-projects/sim_ws/src/cengaver_rover_description/install/cengaver_rover_description/share/cengaver_rover_description/package.bash'
[2.290s] INFO:colcon.colcon_core.shell:Creating package script '/home/alper/Documents/ros2-projects/sim_ws/src/cengaver_rover_description/install/cengaver_rover_description/share/cengaver_rover_description/package.zsh'
[2.291s] Level 1:colcon.colcon_core.environment:create_file_with_runtime_dependencies(/home/alper/Documents/ros2-projects/sim_ws/src/cengaver_rover_description/install/cengaver_rover_description/share/colcon-core/packages/cengaver_rover_description)
[2.302s] DEBUG:colcon.colcon_parallel_executor.executor.parallel:run_until_complete finished
[2.302s] DEBUG:colcon.colcon_parallel_executor.executor.parallel:closing loop
[2.302s] DEBUG:colcon.colcon_parallel_executor.executor.parallel:loop closed
[2.303s] DEBUG:colcon.colcon_core.event_reactor:joining thread
[2.313s] INFO:colcon.colcon_core.plugin_system:Skipping extension 'colcon_notification.desktop_notification.terminal_notifier': Not used on non-Darwin systems
[2.314s] INFO:colcon.colcon_core.plugin_system:Skipping extension 'colcon_notification.desktop_notification.win32': Not used on non-Windows systems
[2.314s] INFO:colcon.colcon_notification.desktop_notification:Sending desktop notification using 'notify2'
[2.347s] DEBUG:colcon.colcon_core.event_reactor:joined thread
[2.347s] INFO:colcon.colcon_core.shell:Creating prefix script '/home/alper/Documents/ros2-projects/sim_ws/src/cengaver_rover_description/install/local_setup.ps1'
[2.349s] INFO:colcon.colcon_core.shell:Creating prefix util module '/home/alper/Documents/ros2-projects/sim_ws/src/cengaver_rover_description/install/_local_setup_util_ps1.py'
[2.350s] INFO:colcon.colcon_core.shell:Creating prefix chain script '/home/alper/Documents/ros2-projects/sim_ws/src/cengaver_rover_description/install/setup.ps1'
[2.353s] INFO:colcon.colcon_core.shell:Creating prefix script '/home/alper/Documents/ros2-projects/sim_ws/src/cengaver_rover_description/install/local_setup.sh'
[2.354s] INFO:colcon.colcon_core.shell:Creating prefix util module '/home/alper/Documents/ros2-projects/sim_ws/src/cengaver_rover_description/install/_local_setup_util_sh.py'
[2.355s] INFO:colcon.colcon_core.shell:Creating prefix chain script '/home/alper/Documents/ros2-projects/sim_ws/src/cengaver_rover_description/install/setup.sh'
[2.357s] INFO:colcon.colcon_core.shell:Creating prefix script '/home/alper/Documents/ros2-projects/sim_ws/src/cengaver_rover_description/install/local_setup.bash'
[2.357s] INFO:colcon.colcon_core.shell:Creating prefix chain script '/home/alper/Documents/ros2-projects/sim_ws/src/cengaver_rover_description/install/setup.bash'
[2.359s] INFO:colcon.colcon_core.shell:Creating prefix script '/home/alper/Documents/ros2-projects/sim_ws/src/cengaver_rover_description/install/local_setup.zsh'
[2.360s] INFO:colcon.colcon_core.shell:Creating prefix chain script '/home/alper/Documents/ros2-projects/sim_ws/src/cengaver_rover_description/install/setup.zsh'
