[0.174s] DEBUG:colcon:Command line arguments: ['/usr/bin/colcon', 'build', '--symlink-install', '--cmake-args=-DCMAKE_BUILD_TYPE=Release']
[0.174s] DEBUG:colcon:Parsed command line arguments: Namespace(log_base=None, log_level=None, verb_name='build', build_base='build', install_base='install', merge_install=False, symlink_install=True, test_result_base=None, continue_on_error=False, executor='parallel', parallel_workers=16, event_handlers=None, ignore_user_meta=False, metas=['./colcon.meta'], base_paths=['.'], packages_ignore=None, packages_ignore_regex=None, paths=None, packages_up_to=None, packages_up_to_regex=None, packages_above=None, packages_above_and_dependencies=None, packages_above_depth=None, packages_select_by_dep=None, packages_skip_by_dep=None, packages_skip_up_to=None, packages_select_build_failed=False, packages_skip_build_finished=False, packages_select_test_failures=False, packages_skip_test_passed=False, packages_select=None, packages_skip=None, packages_select_regex=None, packages_skip_regex=None, packages_start=None, packages_end=None, allow_overriding=[], cmake_args=['-DCMAKE_BUILD_TYPE=Release'], cmake_target=None, cmake_target_skip_unavailable=False, cmake_clean_cache=False, cmake_clean_first=False, cmake_force_configure=False, ament_cmake_args=None, catkin_cmake_args=None, catkin_skip_building_tests=False, mixin_files=None, mixin=None, verb_parser=<colcon_mixin.mixin.mixin_argument.MixinArgumentDecorator object at 0x7705aeb62da0>, verb_extension=<colcon_core.verb.build.BuildVerb object at 0x7705aeb1cbe0>, main=<bound method BuildVerb.main of <colcon_core.verb.build.BuildVerb object at 0x7705aeb1cbe0>>, mixin_verb=('build',))
[0.446s] Level 1:colcon.colcon_core.package_discovery:discover_packages(colcon_meta) check parameters
[0.446s] Level 1:colcon.colcon_core.package_discovery:discover_packages(recursive) check parameters
[0.446s] Level 1:colcon.colcon_core.package_discovery:discover_packages(ignore) check parameters
[0.446s] Level 1:colcon.colcon_core.package_discovery:discover_packages(path) check parameters
[0.446s] Level 1:colcon.colcon_core.package_discovery:discover_packages(colcon_meta) discover
[0.446s] Level 1:colcon.colcon_core.package_discovery:discover_packages(recursive) discover
[0.446s] INFO:colcon.colcon_core.package_discovery:Crawling recursively for packages in '/home/alper/Documents/ros2-projects/sim_ws/src/cengaver_rover_description'
[0.447s] Level 1:colcon.colcon_core.package_identification:_identify(.) by extensions ['ignore', 'ignore_ament_install']
[0.447s] Level 1:colcon.colcon_core.package_identification:_identify(.) by extension 'ignore'
[0.447s] Level 1:colcon.colcon_core.package_identification:_identify(.) by extension 'ignore_ament_install'
[0.447s] Level 1:colcon.colcon_core.package_identification:_identify(.) by extensions ['colcon_pkg']
[0.447s] Level 1:colcon.colcon_core.package_identification:_identify(.) by extension 'colcon_pkg'
[0.447s] Level 1:colcon.colcon_core.package_identification:_identify(.) by extensions ['colcon_meta']
[0.447s] Level 1:colcon.colcon_core.package_identification:_identify(.) by extension 'colcon_meta'
[0.447s] Level 1:colcon.colcon_core.package_identification:_identify(.) by extensions ['ros']
[0.447s] Level 1:colcon.colcon_core.package_identification:_identify(.) by extension 'ros'
[0.465s] DEBUG:colcon.colcon_core.package_identification:Package '.' with type 'ros.ament_cmake' and name 'cengaver_rover_description'
[0.465s] Level 1:colcon.colcon_core.package_discovery:discover_packages(recursive) using defaults
[0.466s] Level 1:colcon.colcon_core.package_discovery:discover_packages(ignore) discover
[0.466s] Level 1:colcon.colcon_core.package_discovery:discover_packages(ignore) using defaults
[0.466s] Level 1:colcon.colcon_core.package_discovery:discover_packages(path) discover
[0.466s] Level 1:colcon.colcon_core.package_discovery:discover_packages(path) using defaults
[0.520s] Level 1:colcon.colcon_core.package_discovery:discover_packages(prefix_path) check parameters
[0.520s] Level 1:colcon.colcon_core.package_discovery:discover_packages(prefix_path) discover
[0.524s] DEBUG:colcon.colcon_installed_package_information.package_discovery:Found 415 installed packages in /opt/ros/humble
[0.526s] Level 1:colcon.colcon_core.package_discovery:discover_packages(prefix_path) using defaults
[0.574s] Level 5:colcon.colcon_core.verb:set package 'cengaver_rover_description' build argument 'cmake_args' from command line to '['-DCMAKE_BUILD_TYPE=Release']'
[0.574s] Level 5:colcon.colcon_core.verb:set package 'cengaver_rover_description' build argument 'cmake_target' from command line to 'None'
[0.574s] Level 5:colcon.colcon_core.verb:set package 'cengaver_rover_description' build argument 'cmake_target_skip_unavailable' from command line to 'False'
[0.575s] Level 5:colcon.colcon_core.verb:set package 'cengaver_rover_description' build argument 'cmake_clean_cache' from command line to 'False'
[0.575s] Level 5:colcon.colcon_core.verb:set package 'cengaver_rover_description' build argument 'cmake_clean_first' from command line to 'False'
[0.575s] Level 5:colcon.colcon_core.verb:set package 'cengaver_rover_description' build argument 'cmake_force_configure' from command line to 'False'
[0.575s] Level 5:colcon.colcon_core.verb:set package 'cengaver_rover_description' build argument 'ament_cmake_args' from command line to 'None'
[0.575s] Level 5:colcon.colcon_core.verb:set package 'cengaver_rover_description' build argument 'catkin_cmake_args' from command line to 'None'
[0.575s] Level 5:colcon.colcon_core.verb:set package 'cengaver_rover_description' build argument 'catkin_skip_building_tests' from command line to 'False'
[0.575s] DEBUG:colcon.colcon_core.verb:Building package 'cengaver_rover_description' with the following arguments: {'ament_cmake_args': None, 'build_base': '/home/alper/Documents/ros2-projects/sim_ws/src/cengaver_rover_description/build/cengaver_rover_description', 'catkin_cmake_args': None, 'catkin_skip_building_tests': False, 'cmake_args': ['-DCMAKE_BUILD_TYPE=Release'], 'cmake_clean_cache': False, 'cmake_clean_first': False, 'cmake_force_configure': False, 'cmake_target': None, 'cmake_target_skip_unavailable': False, 'install_base': '/home/alper/Documents/ros2-projects/sim_ws/src/cengaver_rover_description/install/cengaver_rover_description', 'merge_install': False, 'path': '/home/alper/Documents/ros2-projects/sim_ws/src/cengaver_rover_description', 'symlink_install': True, 'test_result_base': None}
[0.575s] INFO:colcon.colcon_core.executor:Executing jobs using 'parallel' executor
[0.576s] DEBUG:colcon.colcon_parallel_executor.executor.parallel:run_until_complete
[0.577s] INFO:colcon.colcon_ros.task.ament_cmake.build:Building ROS package in '/home/alper/Documents/ros2-projects/sim_ws/src/cengaver_rover_description' with build type 'ament_cmake'
[0.577s] INFO:colcon.colcon_cmake.task.cmake.build:Building CMake package in '/home/alper/Documents/ros2-projects/sim_ws/src/cengaver_rover_description'
[0.580s] INFO:colcon.colcon_core.plugin_system:Skipping extension 'colcon_core.shell.bat': Not used on non-Windows systems
[0.580s] INFO:colcon.colcon_core.shell:Skip shell extension 'powershell' for command environment: Not usable outside of PowerShell
[0.580s] DEBUG:colcon.colcon_core.shell:Skip shell extension 'dsv' for command environment
[0.591s] DEBUG:colcon.colcon_core.event_handler.log_command:Invoking command in '/home/alper/Documents/ros2-projects/sim_ws/src/cengaver_rover_description/build/cengaver_rover_description': CMAKE_PREFIX_PATH=/opt/ros/humble /usr/bin/cmake /home/alper/Documents/ros2-projects/sim_ws/src/cengaver_rover_description -DCMAKE_BUILD_TYPE=Release -DAMENT_CMAKE_SYMLINK_INSTALL=1 -DCMAKE_INSTALL_PREFIX=/home/alper/Documents/ros2-projects/sim_ws/src/cengaver_rover_description/install/cengaver_rover_description
[2.094s] DEBUG:colcon.colcon_core.event_handler.log_command:Invoked command in '/home/alper/Documents/ros2-projects/sim_ws/src/cengaver_rover_description/build/cengaver_rover_description' returned '0': CMAKE_PREFIX_PATH=/opt/ros/humble /usr/bin/cmake /home/alper/Documents/ros2-projects/sim_ws/src/cengaver_rover_description -DCMAKE_BUILD_TYPE=Release -DAMENT_CMAKE_SYMLINK_INSTALL=1 -DCMAKE_INSTALL_PREFIX=/home/alper/Documents/ros2-projects/sim_ws/src/cengaver_rover_description/install/cengaver_rover_description
[2.097s] DEBUG:colcon.colcon_core.event_handler.log_command:Invoking command in '/home/alper/Documents/ros2-projects/sim_ws/src/cengaver_rover_description/build/cengaver_rover_description': CMAKE_PREFIX_PATH=/opt/ros/humble /usr/bin/cmake --build /home/alper/Documents/ros2-projects/sim_ws/src/cengaver_rover_description/build/cengaver_rover_description -- -j16 -l16
[6.248s] DEBUG:colcon.colcon_parallel_executor.executor.parallel:run_until_complete was interrupted
[6.248s] DEBUG:colcon.colcon_parallel_executor.executor.parallel:run_until_complete again
[6.254s] DEBUG:colcon.colcon_core.event_handler.log_command:Invoked command in '/home/alper/Documents/ros2-projects/sim_ws/src/cengaver_rover_description/build/cengaver_rover_description' returned '-2': CMAKE_PREFIX_PATH=/opt/ros/humble /usr/bin/cmake --build /home/alper/Documents/ros2-projects/sim_ws/src/cengaver_rover_description/build/cengaver_rover_description -- -j16 -l16
[6.255s] Level 1:colcon.colcon_core.environment:create_environment_scripts_only(cengaver_rover_description)
[6.258s] Level 1:colcon.colcon_core.environment:checking '/home/alper/Documents/ros2-projects/sim_ws/src/cengaver_rover_description/install/cengaver_rover_description' for CMake module files
[6.259s] Level 1:colcon.colcon_core.environment:checking '/home/alper/Documents/ros2-projects/sim_ws/src/cengaver_rover_description/install/cengaver_rover_description' for CMake config files
[6.259s] Level 1:colcon.colcon_core.environment:checking '/home/alper/Documents/ros2-projects/sim_ws/src/cengaver_rover_description/install/cengaver_rover_description/bin'
[6.259s] Level 1:colcon.colcon_core.environment:checking '/home/alper/Documents/ros2-projects/sim_ws/src/cengaver_rover_description/install/cengaver_rover_description/lib/pkgconfig/cengaver_rover_description.pc'
[6.260s] Level 1:colcon.colcon_core.environment:checking '/home/alper/Documents/ros2-projects/sim_ws/src/cengaver_rover_description/install/cengaver_rover_description/lib/python3.10/site-packages'
[6.260s] Level 1:colcon.colcon_core.environment:checking '/home/alper/Documents/ros2-projects/sim_ws/src/cengaver_rover_description/install/cengaver_rover_description/bin'
[6.260s] INFO:colcon.colcon_core.shell:Creating package script '/home/alper/Documents/ros2-projects/sim_ws/src/cengaver_rover_description/install/cengaver_rover_description/share/cengaver_rover_description/package.ps1'
[6.262s] INFO:colcon.colcon_core.shell:Creating package descriptor '/home/alper/Documents/ros2-projects/sim_ws/src/cengaver_rover_description/install/cengaver_rover_description/share/cengaver_rover_description/package.dsv'
[6.262s] INFO:colcon.colcon_core.shell:Creating package script '/home/alper/Documents/ros2-projects/sim_ws/src/cengaver_rover_description/install/cengaver_rover_description/share/cengaver_rover_description/package.sh'
[6.263s] INFO:colcon.colcon_core.shell:Creating package script '/home/alper/Documents/ros2-projects/sim_ws/src/cengaver_rover_description/install/cengaver_rover_description/share/cengaver_rover_description/package.bash'
[6.264s] INFO:colcon.colcon_core.shell:Creating package script '/home/alper/Documents/ros2-projects/sim_ws/src/cengaver_rover_description/install/cengaver_rover_description/share/cengaver_rover_description/package.zsh'
[6.265s] Level 1:colcon.colcon_core.environment:create_file_with_runtime_dependencies(/home/alper/Documents/ros2-projects/sim_ws/src/cengaver_rover_description/install/cengaver_rover_description/share/colcon-core/packages/cengaver_rover_description)
[6.276s] DEBUG:colcon.colcon_parallel_executor.executor.parallel:run_until_complete finished
[6.276s] DEBUG:colcon.colcon_parallel_executor.executor.parallel:closing loop
[6.276s] DEBUG:colcon.colcon_parallel_executor.executor.parallel:loop closed
[6.276s] DEBUG:colcon.colcon_core.event_reactor:joining thread
[6.284s] INFO:colcon.colcon_core.plugin_system:Skipping extension 'colcon_notification.desktop_notification.terminal_notifier': Not used on non-Darwin systems
[6.285s] INFO:colcon.colcon_core.plugin_system:Skipping extension 'colcon_notification.desktop_notification.win32': Not used on non-Windows systems
[6.285s] INFO:colcon.colcon_notification.desktop_notification:Sending desktop notification using 'notify2'
[6.322s] DEBUG:colcon.colcon_core.event_reactor:joined thread
[6.322s] INFO:colcon.colcon_core.shell:Creating prefix script '/home/alper/Documents/ros2-projects/sim_ws/src/cengaver_rover_description/install/local_setup.ps1'
[6.323s] INFO:colcon.colcon_core.shell:Creating prefix util module '/home/alper/Documents/ros2-projects/sim_ws/src/cengaver_rover_description/install/_local_setup_util_ps1.py'
[6.325s] INFO:colcon.colcon_core.shell:Creating prefix chain script '/home/alper/Documents/ros2-projects/sim_ws/src/cengaver_rover_description/install/setup.ps1'
[6.326s] INFO:colcon.colcon_core.shell:Creating prefix script '/home/alper/Documents/ros2-projects/sim_ws/src/cengaver_rover_description/install/local_setup.sh'
[6.327s] INFO:colcon.colcon_core.shell:Creating prefix util module '/home/alper/Documents/ros2-projects/sim_ws/src/cengaver_rover_description/install/_local_setup_util_sh.py'
[6.327s] INFO:colcon.colcon_core.shell:Creating prefix chain script '/home/alper/Documents/ros2-projects/sim_ws/src/cengaver_rover_description/install/setup.sh'
[6.328s] INFO:colcon.colcon_core.shell:Creating prefix script '/home/alper/Documents/ros2-projects/sim_ws/src/cengaver_rover_description/install/local_setup.bash'
[6.329s] INFO:colcon.colcon_core.shell:Creating prefix chain script '/home/alper/Documents/ros2-projects/sim_ws/src/cengaver_rover_description/install/setup.bash'
[6.330s] INFO:colcon.colcon_core.shell:Creating prefix script '/home/alper/Documents/ros2-projects/sim_ws/src/cengaver_rover_description/install/local_setup.zsh'
[6.330s] INFO:colcon.colcon_core.shell:Creating prefix chain script '/home/alper/Documents/ros2-projects/sim_ws/src/cengaver_rover_description/install/setup.zsh'
